#! /c/Source/iverilog-install/bin/vvp
:ivl_version "12.0 (devel)" "(s20150603-1110-g18392a46)";
:ivl_delay_selection "TYPICAL";
:vpi_time_precision + 0;
:vpi_module "C:\animesh\iverilog\lib\ivl\system.vpi";
:vpi_module "C:\animesh\iverilog\lib\ivl\vhdl_sys.vpi";
:vpi_module "C:\animesh\iverilog\lib\ivl\vhdl_textio.vpi";
:vpi_module "C:\animesh\iverilog\lib\ivl\v2005_math.vpi";
:vpi_module "C:\animesh\iverilog\lib\ivl\va_math.vpi";
S_000002052daeba20 .scope module, "test_adder" "test_adder" 2 1;
 .timescale 0 0;
v000002052db7eed0_0 .var "a", 0 0;
v000002052db7ebb0_0 .var "b", 0 0;
v000002052db7ec50_0 .var "c", 0 0;
v000002052db7eb10_0 .net "cout", 0 0, L_000002052daea390;  1 drivers
v000002052db7ecf0_0 .net "sum", 0 0, L_000002052daea1d0;  1 drivers
S_000002052db24580 .scope module, "a1" "adder" 2 4, 3 1 0, S_000002052daeba20;
 .timescale 0 0;
    .port_info 0 /INPUT 1 "a";
    .port_info 1 /INPUT 1 "b";
    .port_info 2 /INPUT 1 "c";
    .port_info 3 /OUTPUT 1 "sum";
    .port_info 4 /OUTPUT 1 "cout";
L_000002052daea470 .functor XOR 1, v000002052db7eed0_0, v000002052db7ebb0_0, C4<0>, C4<0>;
L_000002052daea1d0 .functor XOR 1, L_000002052daea470, v000002052db7ec50_0, C4<0>, C4<0>;
L_000002052daea550 .functor AND 1, v000002052db7eed0_0, v000002052db7ebb0_0, C4<1>, C4<1>;
L_000002052daea320 .functor XOR 1, v000002052db7eed0_0, v000002052db7ebb0_0, C4<0>, C4<0>;
L_000002052daea400 .functor AND 1, L_000002052daea320, v000002052db7ec50_0, C4<1>, C4<1>;
L_000002052daea390 .functor OR 1, L_000002052daea550, L_000002052daea400, C4<0>, C4<0>;
v000002052db24710_0 .net *"_ivl_0", 0 0, L_000002052daea470;  1 drivers
v000002052dae7260_0 .net *"_ivl_4", 0 0, L_000002052daea550;  1 drivers
v000002052db35980_0 .net *"_ivl_6", 0 0, L_000002052daea320;  1 drivers
v000002052dae8030_0 .net *"_ivl_8", 0 0, L_000002052daea400;  1 drivers
v000002052dae99b0_0 .net "a", 0 0, v000002052db7eed0_0;  1 drivers
v000002052daebe00_0 .net "b", 0 0, v000002052db7ebb0_0;  1 drivers
v000002052daebea0_0 .net "c", 0 0, v000002052db7ec50_0;  1 drivers
v000002052db34280_0 .net "cout", 0 0, L_000002052daea390;  alias, 1 drivers
v000002052db34320_0 .net "sum", 0 0, L_000002052daea1d0;  alias, 1 drivers
    .scope S_000002052daeba20;
T_0 ;
    %vpi_call 2 7 "$dumpfile", "dump.vcd" {0 0 0};
    %vpi_call 2 8 "$dumpvars" {0 0 0};
    %vpi_call 2 9 "$display", $time, "|a|b|c|sum|cout" {0 0 0};
    %vpi_call 2 10 "$monitor", $time, "|%b|%b|%b|%b  |%b", v000002052db7eed0_0, v000002052db7ebb0_0, v000002052db7ec50_0, v000002052db7ecf0_0, v000002052db7eb10_0 {0 0 0};
    %pushi/vec4 0, 0, 1;
    %store/vec4 v000002052db7eed0_0, 0, 1;
    %pushi/vec4 0, 0, 1;
    %store/vec4 v000002052db7ebb0_0, 0, 1;
    %pushi/vec4 0, 0, 1;
    %store/vec4 v000002052db7ec50_0, 0, 1;
    %delay 10, 0;
    %pushi/vec4 0, 0, 1;
    %store/vec4 v000002052db7eed0_0, 0, 1;
    %pushi/vec4 0, 0, 1;
    %store/vec4 v000002052db7ebb0_0, 0, 1;
    %pushi/vec4 1, 0, 1;
    %store/vec4 v000002052db7ec50_0, 0, 1;
    %delay 10, 0;
    %pushi/vec4 0, 0, 1;
    %store/vec4 v000002052db7eed0_0, 0, 1;
    %pushi/vec4 1, 0, 1;
    %store/vec4 v000002052db7ebb0_0, 0, 1;
    %pushi/vec4 0, 0, 1;
    %store/vec4 v000002052db7ec50_0, 0, 1;
    %delay 10, 0;
    %pushi/vec4 0, 0, 1;
    %store/vec4 v000002052db7eed0_0, 0, 1;
    %pushi/vec4 1, 0, 1;
    %store/vec4 v000002052db7ebb0_0, 0, 1;
    %pushi/vec4 1, 0, 1;
    %store/vec4 v000002052db7ec50_0, 0, 1;
    %delay 10, 0;
    %pushi/vec4 1, 0, 1;
    %store/vec4 v000002052db7eed0_0, 0, 1;
    %pushi/vec4 0, 0, 1;
    %store/vec4 v000002052db7ebb0_0, 0, 1;
    %pushi/vec4 0, 0, 1;
    %store/vec4 v000002052db7ec50_0, 0, 1;
    %delay 10, 0;
    %pushi/vec4 1, 0, 1;
    %store/vec4 v000002052db7eed0_0, 0, 1;
    %pushi/vec4 0, 0, 1;
    %store/vec4 v000002052db7ebb0_0, 0, 1;
    %pushi/vec4 1, 0, 1;
    %store/vec4 v000002052db7ec50_0, 0, 1;
    %delay 10, 0;
    %pushi/vec4 1, 0, 1;
    %store/vec4 v000002052db7eed0_0, 0, 1;
    %pushi/vec4 1, 0, 1;
    %store/vec4 v000002052db7ebb0_0, 0, 1;
    %pushi/vec4 0, 0, 1;
    %store/vec4 v000002052db7ec50_0, 0, 1;
    %delay 10, 0;
    %pushi/vec4 1, 0, 1;
    %store/vec4 v000002052db7eed0_0, 0, 1;
    %pushi/vec4 1, 0, 1;
    %store/vec4 v000002052db7ebb0_0, 0, 1;
    %pushi/vec4 1, 0, 1;
    %store/vec4 v000002052db7ec50_0, 0, 1;
    %vpi_call 2 19 "$finish" {0 0 0};
    %end;
    .thread T_0;
# The file index is used to find the file name in the following table.
:file_names 4;
    "N/A";
    "<interactive>";
    "test_adder.v";
    "adder.v";
